# JRE version: OpenJDK Runtime Environment (21.0.9) (build 21.0.9+-14649483-b1163.86)
# Java VM: OpenJDK 64-Bit Server VM (21.0.9+-14649483-b1163.86, mixed mode, tiered, compressed oops, compressed class ptrs, g1 gc, windows-amd64)
GC Precious Log:
 CardTable entry size: 512
 Card Set container configuration: InlinePtr #cards 5 size 8 Array Of Cards #cards 12 size 40 Howl #buckets 4 coarsen threshold 1843 Howl Bitmap #cards 512 size 80 coarsen threshold 460 Card regions per heap region 1 cards per card region 2048
 CPUs: 12 total, 12 available
 Memory: 6005M
 Large Page Support: Disabled
 NUMA Support: Disabled
 Compressed Oops: Enabled (32-bit)
 Heap Region Size: 1M
 Heap Min Capacity: 8M
 Heap Initial Capacity: 94M
 Heap Max Capacity: 2G
 Pre-touch: Disabled
 Parallel Workers: 10
 Concurrent Workers: 3
 Concurrent Refinement Workers: 10
 Periodic GC: Disabled
Heap:
 garbage-first heap   total 204800K, used 122212K [0x0000000080000000, 0x0000000100000000)
  region size 1024K, 6 young (6144K), 6 survivors (6144K)
 Metaspace       used 112092K, committed 114432K, reserved 1179648K
  class space    used 15703K, committed 16832K, reserved 1048576K
GC Heap History (20 events):
Event: 31.221 GC heap after
{Heap after GC invocations=53 (full 0):
 garbage-first heap   total 165888K, used 99562K [0x0000000080000000, 0x0000000100000000)
  region size 1024K, 6 young (6144K), 6 survivors (6144K)
 Metaspace       used 106445K, committed 108672K, reserved 1179648K
  class space    used 15100K, committed 16128K, reserved 1048576K
}
Event: 31.902 GC heap before
{Heap before GC invocations=53 (full 0):
 garbage-first heap   total 165888K, used 148714K [0x0000000080000000, 0x0000000100000000)
  region size 1024K, 55 young (56320K), 6 survivors (6144K)
 Metaspace       used 107545K, committed 109824K, reserved 1179648K
  class space    used 15186K, committed 16256K, reserved 1048576K
}
Event: 31.911 GC heap after
{Heap after GC invocations=54 (full 0):
 garbage-first heap   total 165888K, used 109433K [0x0000000080000000, 0x0000000100000000)
  region size 1024K, 7 young (7168K), 7 survivors (7168K)
 Metaspace       used 107545K, committed 109824K, reserved 1179648K
  class space    used 15186K, committed 16256K, reserved 1048576K
}
Event: 32.977 GC heap before
{Heap before GC invocations=55 (full 0):
 garbage-first heap   total 183296K, used 154489K [0x0000000080000000, 0x0000000100000000)
  region size 1024K, 47 young (48128K), 7 survivors (7168K)
 Metaspace       used 111626K, committed 113920K, reserved 1179648K
  class space    used 15660K, committed 16768K, reserved 1048576K
}
Event: 32.987 GC heap after
{Heap after GC invocations=56 (full 0):
 garbage-first heap   total 183296K, used 116222K [0x0000000080000000, 0x0000000100000000)
  region size 1024K, 6 young (6144K), 6 survivors (6144K)
 Metaspace       used 111626K, committed 113920K, reserved 1179648K
  class space    used 15660K, committed 16768K, reserved 1048576K
}
Event: 33.734 GC heap before
{Heap before GC invocations=56 (full 0):
 garbage-first heap   total 183296K, used 163326K [0x0000000080000000, 0x0000000100000000)
  region size 1024K, 52 young (53248K), 6 survivors (6144K)
 Metaspace       used 111865K, committed 114176K, reserved 1179648K
  class space    used 15669K, committed 16768K, reserved 1048576K
}
Event: 33.741 GC heap after
{Heap after GC invocations=57 (full 0):
 garbage-first heap   total 183296K, used 119411K [0x0000000080000000, 0x0000000100000000)
  region size 1024K, 4 young (4096K), 4 survivors (4096K)
 Metaspace       used 111865K, committed 114176K, reserved 1179648K
  class space    used 15669K, committed 16768K, reserved 1048576K
}
Event: 33.933 GC heap before
{Heap before GC invocations=57 (full 0):
 garbage-first heap   total 183296K, used 164467K [0x0000000080000000, 0x0000000100000000)
  region size 1024K, 49 young (50176K), 4 survivors (4096K)
 Metaspace       used 111869K, committed 114176K, reserved 1179648K
  class space    used 15669K, committed 16768K, reserved 1048576K
}
Event: 33.938 GC heap after
{Heap after GC invocations=58 (full 0):
 garbage-first heap   total 183296K, used 120952K [0x0000000080000000, 0x0000000100000000)
  region size 1024K, 6 young (6144K), 6 survivors (6144K)
 Metaspace       used 111869K, committed 114176K, reserved 1179648K
  class space    used 15669K, committed 16768K, reserved 1048576K
}
Event: 34.227 GC heap before
{Heap before GC invocations=59 (full 0):
 garbage-first heap   total 203776K, used 167032K [0x0000000080000000, 0x0000000100000000)
  region size 1024K, 51 young (52224K), 6 survivors (6144K)
 Metaspace       used 111871K, committed 114176K, reserved 1179648K
  class space    used 15669K, committed 16768K, reserved 1048576K
}
Event: 34.233 GC heap after
{Heap after GC invocations=60 (full 0):
 garbage-first heap   total 203776K, used 121613K [0x0000000080000000, 0x0000000100000000)
  region size 1024K, 4 young (4096K), 4 survivors (4096K)
 Metaspace       used 111871K, committed 114176K, reserved 1179648K
  class space    used 15669K, committed 16768K, reserved 1048576K
}
Event: 34.501 GC heap before
{Heap before GC invocations=60 (full 0):
 garbage-first heap   total 203776K, used 185101K [0x0000000080000000, 0x0000000100000000)
  region size 1024K, 66 young (67584K), 4 survivors (4096K)
 Metaspace       used 111875K, committed 114176K, reserved 1179648K
  class space    used 15670K, committed 16768K, reserved 1048576K
}
Event: 34.506 GC heap after
{Heap after GC invocations=61 (full 0):
 garbage-first heap   total 203776K, used 120250K [0x0000000080000000, 0x0000000100000000)
  region size 1024K, 5 young (5120K), 5 survivors (5120K)
 Metaspace       used 111875K, committed 114176K, reserved 1179648K
  class space    used 15670K, committed 16768K, reserved 1048576K
}
Event: 34.784 GC heap before
{Heap before GC invocations=61 (full 0):
 garbage-first heap   total 203776K, used 185786K [0x0000000080000000, 0x0000000100000000)
  region size 1024K, 69 young (70656K), 5 survivors (5120K)
 Metaspace       used 111918K, committed 114240K, reserved 1179648K
  class space    used 15674K, committed 16768K, reserved 1048576K
}
Event: 34.788 GC heap after
{Heap after GC invocations=62 (full 0):
 garbage-first heap   total 203776K, used 120992K [0x0000000080000000, 0x0000000100000000)
  region size 1024K, 6 young (6144K), 6 survivors (6144K)
 Metaspace       used 111918K, committed 114240K, reserved 1179648K
  class space    used 15674K, committed 16768K, reserved 1048576K
}
Event: 34.956 GC heap before
{Heap before GC invocations=63 (full 0):
 garbage-first heap   total 204800K, used 187552K [0x0000000080000000, 0x0000000100000000)
  region size 1024K, 71 young (72704K), 6 survivors (6144K)
 Metaspace       used 111927K, committed 114240K, reserved 1179648K
  class space    used 15674K, committed 16768K, reserved 1048576K
}
Event: 34.961 GC heap after
{Heap after GC invocations=64 (full 0):
 garbage-first heap   total 204800K, used 121801K [0x0000000080000000, 0x0000000100000000)
  region size 1024K, 5 young (5120K), 5 survivors (5120K)
 Metaspace       used 111927K, committed 114240K, reserved 1179648K
  class space    used 15674K, committed 16768K, reserved 1048576K
}
Event: 35.218 GC heap before
{Heap before GC invocations=64 (full 0):
 garbage-first heap   total 204800K, used 190409K [0x0000000080000000, 0x0000000100000000)
  region size 1024K, 73 young (74752K), 5 survivors (5120K)
 Metaspace       used 112091K, committed 114432K, reserved 1179648K
  class space    used 15703K, committed 16832K, reserved 1048576K
}
Event: 35.224 GC heap after
{Heap after GC invocations=65 (full 0):
 garbage-first heap   total 204800K, used 121709K [0x0000000080000000, 0x0000000100000000)
  region size 1024K, 6 young (6144K), 6 survivors (6144K)
 Metaspace       used 112091K, committed 114432K, reserved 1179648K
  class space    used 15703K, committed 16832K, reserved 1048576K
}
Event: 35.334 GC heap before
{Heap before GC invocations=65 (full 0):
 garbage-first heap   total 204800K, used 191341K [0x0000000080000000, 0x0000000100000000)
  region size 1024K, 75 young (76800K), 6 survivors (6144K)
 Metaspace       used 112092K, committed 114432K, reserved 1179648K
  class space    used 15703K, committed 16832K, reserved 1048576K
}

