# JRE version: OpenJDK Runtime Environment (21.0.9) (build 21.0.9+-14649483-b1163.86)
# Java VM: OpenJDK 64-Bit Server VM (21.0.9+-14649483-b1163.86, mixed mode, tiered, compressed oops, compressed class ptrs, g1 gc, windows-amd64)
GC Precious Log:
 CardTable entry size: 512
 Card Set container configuration: InlinePtr #cards 5 size 8 Array Of Cards #cards 12 size 40 Howl #buckets 4 coarsen threshold 1843 Howl Bitmap #cards 512 size 80 coarsen threshold 460 Card regions per heap region 1 cards per card region 2048
 CPUs: 12 total, 12 available
 Memory: 6005M
 Large Page Support: Disabled
 NUMA Support: Disabled
 Compressed Oops: Enabled (32-bit)
 Heap Region Size: 1M
 Heap Min Capacity: 8M
 Heap Initial Capacity: 94M
 Heap Max Capacity: 2G
 Pre-touch: Disabled
 Parallel Workers: 10
 Concurrent Workers: 3
 Concurrent Refinement Workers: 10
 Periodic GC: Disabled
Heap:
 garbage-first heap   total 165888K, used 100524K [0x0000000080000000, 0x0000000100000000)
  region size 1024K, 22 young (22528K), 9 survivors (9216K)
 Metaspace       used 93377K, committed 95424K, reserved 1179648K
  class space    used 13006K, committed 13952K, reserved 1048576K
GC Heap History (20 events):
Event: 21.143 GC heap before
{Heap before GC invocations=26 (full 0):
 garbage-first heap   total 101376K, used 92798K [0x0000000080000000, 0x0000000100000000)
  region size 1024K, 37 young (37888K), 3 survivors (3072K)
 Metaspace       used 78409K, committed 80256K, reserved 1179648K
  class space    used 11084K, committed 11968K, reserved 1048576K
}
Event: 21.147 GC heap after
{Heap after GC invocations=27 (full 0):
 garbage-first heap   total 121856K, used 58513K [0x0000000080000000, 0x0000000100000000)
  region size 1024K, 4 young (4096K), 4 survivors (4096K)
 Metaspace       used 78409K, committed 80256K, reserved 1179648K
  class space    used 11084K, committed 11968K, reserved 1048576K
}
Event: 21.349 GC heap before
{Heap before GC invocations=27 (full 0):
 garbage-first heap   total 121856K, used 110737K [0x0000000080000000, 0x0000000100000000)
  region size 1024K, 56 young (57344K), 4 survivors (4096K)
 Metaspace       used 78430K, committed 80256K, reserved 1179648K
  class space    used 11084K, committed 11968K, reserved 1048576K
}
Event: 21.353 GC heap after
{Heap after GC invocations=28 (full 0):
 garbage-first heap   total 121856K, used 59254K [0x0000000080000000, 0x0000000100000000)
  region size 1024K, 4 young (4096K), 4 survivors (4096K)
 Metaspace       used 78430K, committed 80256K, reserved 1179648K
  class space    used 11084K, committed 11968K, reserved 1048576K
}
Event: 21.510 GC heap before
{Heap before GC invocations=28 (full 0):
 garbage-first heap   total 121856K, used 113526K [0x0000000080000000, 0x0000000100000000)
  region size 1024K, 57 young (58368K), 4 survivors (4096K)
 Metaspace       used 78459K, committed 80320K, reserved 1179648K
  class space    used 11084K, committed 11968K, reserved 1048576K
}
Event: 21.514 GC heap after
{Heap after GC invocations=29 (full 0):
 garbage-first heap   total 121856K, used 59943K [0x0000000080000000, 0x0000000100000000)
  region size 1024K, 5 young (5120K), 5 survivors (5120K)
 Metaspace       used 78459K, committed 80320K, reserved 1179648K
  class space    used 11084K, committed 11968K, reserved 1048576K
}
Event: 21.650 GC heap before
{Heap before GC invocations=29 (full 0):
 garbage-first heap   total 121856K, used 113191K [0x0000000080000000, 0x0000000100000000)
  region size 1024K, 58 young (59392K), 5 survivors (5120K)
 Metaspace       used 78469K, committed 80320K, reserved 1179648K
  class space    used 11085K, committed 11968K, reserved 1048576K
}
Event: 21.654 GC heap after
{Heap after GC invocations=30 (full 0):
 garbage-first heap   total 121856K, used 60554K [0x0000000080000000, 0x0000000100000000)
  region size 1024K, 5 young (5120K), 5 survivors (5120K)
 Metaspace       used 78469K, committed 80320K, reserved 1179648K
  class space    used 11085K, committed 11968K, reserved 1048576K
}
Event: 21.801 GC heap before
{Heap before GC invocations=31 (full 0):
 garbage-first heap   total 121856K, used 113802K [0x0000000080000000, 0x0000000100000000)
  region size 1024K, 57 young (58368K), 5 survivors (5120K)
 Metaspace       used 78481K, committed 80384K, reserved 1179648K
  class space    used 11085K, committed 11968K, reserved 1048576K
}
Event: 21.805 GC heap after
{Heap after GC invocations=32 (full 0):
 garbage-first heap   total 121856K, used 60992K [0x0000000080000000, 0x0000000100000000)
  region size 1024K, 5 young (5120K), 5 survivors (5120K)
 Metaspace       used 78481K, committed 80384K, reserved 1179648K
  class space    used 11085K, committed 11968K, reserved 1048576K
}
Event: 21.914 GC heap before
{Heap before GC invocations=32 (full 0):
 garbage-first heap   total 121856K, used 112192K [0x0000000080000000, 0x0000000100000000)
  region size 1024K, 56 young (57344K), 5 survivors (5120K)
 Metaspace       used 78487K, committed 80384K, reserved 1179648K
  class space    used 11085K, committed 11968K, reserved 1048576K
}
Event: 21.918 GC heap after
{Heap after GC invocations=33 (full 0):
 garbage-first heap   total 149504K, used 60776K [0x0000000080000000, 0x0000000100000000)
  region size 1024K, 5 young (5120K), 5 survivors (5120K)
 Metaspace       used 78487K, committed 80384K, reserved 1179648K
  class space    used 11085K, committed 11968K, reserved 1048576K
}
Event: 22.985 GC heap before
{Heap before GC invocations=33 (full 0):
 garbage-first heap   total 149504K, used 146792K [0x0000000080000000, 0x0000000100000000)
  region size 1024K, 81 young (82944K), 5 survivors (5120K)
 Metaspace       used 79867K, committed 81792K, reserved 1179648K
  class space    used 11248K, committed 12160K, reserved 1048576K
}
Event: 23.045 GC heap after
{Heap after GC invocations=34 (full 0):
 garbage-first heap   total 160768K, used 76772K [0x0000000080000000, 0x0000000100000000)
  region size 1024K, 11 young (11264K), 11 survivors (11264K)
 Metaspace       used 79867K, committed 81792K, reserved 1179648K
  class space    used 11248K, committed 12160K, reserved 1048576K
}
Event: 25.807 GC heap before
{Heap before GC invocations=34 (full 0):
 garbage-first heap   total 160768K, used 146404K [0x0000000080000000, 0x0000000100000000)
  region size 1024K, 80 young (81920K), 11 survivors (11264K)
 Metaspace       used 86203K, committed 88128K, reserved 1179648K
  class space    used 11937K, committed 12864K, reserved 1048576K
}
Event: 25.814 GC heap after
{Heap after GC invocations=35 (full 0):
 garbage-first heap   total 163840K, used 80904K [0x0000000080000000, 0x0000000100000000)
  region size 1024K, 3 young (3072K), 3 survivors (3072K)
 Metaspace       used 86203K, committed 88128K, reserved 1179648K
  class space    used 11937K, committed 12864K, reserved 1048576K
}
Event: 26.691 GC heap before
{Heap before GC invocations=35 (full 0):
 garbage-first heap   total 163840K, used 112648K [0x0000000080000000, 0x0000000100000000)
  region size 1024K, 35 young (35840K), 3 survivors (3072K)
 Metaspace       used 89016K, committed 91072K, reserved 1179648K
  class space    used 12401K, committed 13376K, reserved 1048576K
}
Event: 26.696 GC heap after
{Heap after GC invocations=36 (full 0):
 garbage-first heap   total 163840K, used 82973K [0x0000000080000000, 0x0000000100000000)
  region size 1024K, 5 young (5120K), 5 survivors (5120K)
 Metaspace       used 89016K, committed 91072K, reserved 1179648K
  class space    used 12401K, committed 13376K, reserved 1048576K
}
Event: 28.084 GC heap before
{Heap before GC invocations=37 (full 0):
 garbage-first heap   total 163840K, used 155677K [0x0000000080000000, 0x0000000100000000)
  region size 1024K, 71 young (72704K), 5 survivors (5120K)
 Metaspace       used 92504K, committed 94528K, reserved 1179648K
  class space    used 12901K, committed 13888K, reserved 1048576K
}
Event: 28.090 GC heap after
{Heap after GC invocations=38 (full 0):
 garbage-first heap   total 165888K, used 88236K [0x0000000080000000, 0x0000000100000000)
  region size 1024K, 9 young (9216K), 9 survivors (9216K)
 Metaspace       used 92504K, committed 94528K, reserved 1179648K
  class space    used 12901K, committed 13888K, reserved 1048576K
}

