# JRE version: OpenJDK Runtime Environment (21.0.9) (build 21.0.9+-14649483-b1163.86)
# Java VM: OpenJDK 64-Bit Server VM (21.0.9+-14649483-b1163.86, mixed mode, tiered, compressed oops, compressed class ptrs, g1 gc, windows-amd64)
GC Precious Log:
 CardTable entry size: 512
 Card Set container configuration: InlinePtr #cards 5 size 8 Array Of Cards #cards 12 size 40 Howl #buckets 4 coarsen threshold 1843 Howl Bitmap #cards 512 size 80 coarsen threshold 460 Card regions per heap region 1 cards per card region 2048
 CPUs: 12 total, 12 available
 Memory: 6005M
 Large Page Support: Disabled
 NUMA Support: Disabled
 Compressed Oops: Enabled (32-bit)
 Heap Region Size: 1M
 Heap Min Capacity: 8M
 Heap Initial Capacity: 94M
 Heap Max Capacity: 2G
 Pre-touch: Disabled
 Parallel Workers: 10
 Concurrent Workers: 3
 Concurrent Refinement Workers: 10
 Periodic GC: Disabled
Heap:
 garbage-first heap   total 81920K, used 68219K [0x0000000080000000, 0x0000000100000000)
  region size 1024K, 24 young (24576K), 3 survivors (3072K)
 Metaspace       used 69979K, committed 71808K, reserved 1114112K
  class space    used 10080K, committed 10944K, reserved 1048576K
GC Heap History (20 events):
Event: 7.369 GC heap before
{Heap before GC invocations=7 (full 0):
 garbage-first heap   total 78848K, used 65104K [0x0000000080000000, 0x0000000100000000)
  region size 1024K, 45 young (46080K), 3 survivors (3072K)
 Metaspace       used 35265K, committed 35968K, reserved 1114112K
  class space    used 4630K, committed 4992K, reserved 1048576K
}
Event: 7.374 GC heap after
{Heap after GC invocations=8 (full 0):
 garbage-first heap   total 78848K, used 26014K [0x0000000080000000, 0x0000000100000000)
  region size 1024K, 6 young (6144K), 6 survivors (6144K)
 Metaspace       used 35265K, committed 35968K, reserved 1114112K
  class space    used 4630K, committed 4992K, reserved 1048576K
}
Event: 8.413 GC heap before
{Heap before GC invocations=9 (full 0):
 garbage-first heap   total 78848K, used 66974K [0x0000000080000000, 0x0000000100000000)
  region size 1024K, 46 young (47104K), 6 survivors (6144K)
 Metaspace       used 40773K, committed 41792K, reserved 1114112K
  class space    used 5587K, committed 6080K, reserved 1048576K
}
Event: 8.419 GC heap after
{Heap after GC invocations=10 (full 0):
 garbage-first heap   total 78848K, used 28011K [0x0000000080000000, 0x0000000100000000)
  region size 1024K, 6 young (6144K), 6 survivors (6144K)
 Metaspace       used 40773K, committed 41792K, reserved 1114112K
  class space    used 5587K, committed 6080K, reserved 1048576K
}
Event: 9.362 GC heap before
{Heap before GC invocations=10 (full 0):
 garbage-first heap   total 78848K, used 66923K [0x0000000080000000, 0x0000000100000000)
  region size 1024K, 45 young (46080K), 6 survivors (6144K)
 Metaspace       used 46590K, committed 47872K, reserved 1114112K
  class space    used 6463K, committed 7040K, reserved 1048576K
}
Event: 9.368 GC heap after
{Heap after GC invocations=11 (full 0):
 garbage-first heap   total 78848K, used 30312K [0x0000000080000000, 0x0000000100000000)
  region size 1024K, 5 young (5120K), 5 survivors (5120K)
 Metaspace       used 46590K, committed 47872K, reserved 1114112K
  class space    used 6463K, committed 7040K, reserved 1048576K
}
Event: 10.431 GC heap before
{Heap before GC invocations=11 (full 0):
 garbage-first heap   total 78848K, used 69224K [0x0000000080000000, 0x0000000100000000)
  region size 1024K, 43 young (44032K), 5 survivors (5120K)
 Metaspace       used 51950K, committed 53440K, reserved 1114112K
  class space    used 7246K, committed 7936K, reserved 1048576K
}
Event: 10.437 GC heap after
{Heap after GC invocations=12 (full 0):
 garbage-first heap   total 78848K, used 34255K [0x0000000080000000, 0x0000000100000000)
  region size 1024K, 6 young (6144K), 6 survivors (6144K)
 Metaspace       used 51950K, committed 53440K, reserved 1114112K
  class space    used 7246K, committed 7936K, reserved 1048576K
}
Event: 11.215 GC heap before
{Heap before GC invocations=12 (full 0):
 garbage-first heap   total 78848K, used 68047K [0x0000000080000000, 0x0000000100000000)
  region size 1024K, 40 young (40960K), 6 survivors (6144K)
 Metaspace       used 55176K, committed 56704K, reserved 1114112K
  class space    used 7791K, committed 8512K, reserved 1048576K
}
Event: 11.222 GC heap after
{Heap after GC invocations=13 (full 0):
 garbage-first heap   total 79872K, used 38666K [0x0000000080000000, 0x0000000100000000)
  region size 1024K, 4 young (4096K), 4 survivors (4096K)
 Metaspace       used 55176K, committed 56704K, reserved 1114112K
  class space    used 7791K, committed 8512K, reserved 1048576K
}
Event: 11.972 GC heap before
{Heap before GC invocations=13 (full 0):
 garbage-first heap   total 79872K, used 72458K [0x0000000080000000, 0x0000000100000000)
  region size 1024K, 35 young (35840K), 4 survivors (4096K)
 Metaspace       used 56628K, committed 58240K, reserved 1114112K
  class space    used 8003K, committed 8768K, reserved 1048576K
}
Event: 11.976 GC heap after
{Heap after GC invocations=14 (full 0):
 garbage-first heap   total 80896K, used 43681K [0x0000000080000000, 0x0000000100000000)
  region size 1024K, 4 young (4096K), 4 survivors (4096K)
 Metaspace       used 56628K, committed 58240K, reserved 1114112K
  class space    used 8003K, committed 8768K, reserved 1048576K
}
Event: 12.214 GC heap before
{Heap before GC invocations=14 (full 0):
 garbage-first heap   total 80896K, used 71329K [0x0000000080000000, 0x0000000100000000)
  region size 1024K, 31 young (31744K), 4 survivors (4096K)
 Metaspace       used 57172K, committed 58880K, reserved 1114112K
  class space    used 8105K, committed 8896K, reserved 1048576K
}
Event: 12.218 GC heap after
{Heap after GC invocations=15 (full 0):
 garbage-first heap   total 80896K, used 44520K [0x0000000080000000, 0x0000000100000000)
  region size 1024K, 1 young (1024K), 1 survivors (1024K)
 Metaspace       used 57172K, committed 58880K, reserved 1114112K
  class space    used 8105K, committed 8896K, reserved 1048576K
}
Event: 12.937 GC heap before
{Heap before GC invocations=16 (full 0):
 garbage-first heap   total 80896K, used 73192K [0x0000000080000000, 0x0000000100000000)
  region size 1024K, 29 young (29696K), 1 survivors (1024K)
 Metaspace       used 60131K, committed 61888K, reserved 1114112K
  class space    used 8573K, committed 9408K, reserved 1048576K
}
Event: 12.939 GC heap after
{Heap after GC invocations=17 (full 0):
 garbage-first heap   total 80896K, used 45548K [0x0000000080000000, 0x0000000100000000)
  region size 1024K, 2 young (2048K), 2 survivors (2048K)
 Metaspace       used 60131K, committed 61888K, reserved 1114112K
  class space    used 8573K, committed 9408K, reserved 1048576K
}
Event: 13.550 GC heap before
{Heap before GC invocations=17 (full 0):
 garbage-first heap   total 80896K, used 73196K [0x0000000080000000, 0x0000000100000000)
  region size 1024K, 30 young (30720K), 2 survivors (2048K)
 Metaspace       used 64174K, committed 65984K, reserved 1114112K
  class space    used 9134K, committed 9984K, reserved 1048576K
}
Event: 13.553 GC heap after
{Heap after GC invocations=18 (full 0):
 garbage-first heap   total 80896K, used 46417K [0x0000000080000000, 0x0000000100000000)
  region size 1024K, 4 young (4096K), 4 survivors (4096K)
 Metaspace       used 64174K, committed 65984K, reserved 1114112K
  class space    used 9134K, committed 9984K, reserved 1048576K
}
Event: 14.224 GC heap before
{Heap before GC invocations=18 (full 0):
 garbage-first heap   total 80896K, used 72017K [0x0000000080000000, 0x0000000100000000)
  region size 1024K, 30 young (30720K), 4 survivors (4096K)
 Metaspace       used 67432K, committed 69248K, reserved 1114112K
  class space    used 9671K, committed 10560K, reserved 1048576K
}
Event: 14.228 GC heap after
{Heap after GC invocations=19 (full 0):
 garbage-first heap   total 80896K, used 47739K [0x0000000080000000, 0x0000000100000000)
  region size 1024K, 3 young (3072K), 3 survivors (3072K)
 Metaspace       used 67432K, committed 69248K, reserved 1114112K
  class space    used 9671K, committed 10560K, reserved 1048576K
}

