# JRE version: OpenJDK Runtime Environment (21.0.9) (build 21.0.9+-14649483-b1163.86)
# Java VM: OpenJDK 64-Bit Server VM (21.0.9+-14649483-b1163.86, mixed mode, tiered, compressed oops, compressed class ptrs, g1 gc, windows-amd64)
GC Precious Log:
 CardTable entry size: 512
 Card Set container configuration: InlinePtr #cards 5 size 8 Array Of Cards #cards 12 size 40 Howl #buckets 4 coarsen threshold 1843 Howl Bitmap #cards 512 size 80 coarsen threshold 460 Card regions per heap region 1 cards per card region 2048
 CPUs: 12 total, 12 available
 Memory: 6005M
 Large Page Support: Disabled
 NUMA Support: Disabled
 Compressed Oops: Enabled (32-bit)
 Heap Region Size: 1M
 Heap Min Capacity: 8M
 Heap Initial Capacity: 94M
 Heap Max Capacity: 2G
 Pre-touch: Disabled
 Parallel Workers: 10
 Concurrent Workers: 3
 Concurrent Refinement Workers: 10
 Periodic GC: Disabled
Heap:
 garbage-first heap   total 71680K, used 28780K [0x0000000080000000, 0x0000000100000000)
  region size 1024K, 17 young (17408K), 7 survivors (7168K)
 Metaspace       used 22953K, committed 23296K, reserved 1114112K
  class space    used 2754K, committed 2944K, reserved 1048576K
GC Heap History (10 events):
Event: 1.257 GC heap before
{Heap before GC invocations=0 (full 0):
 garbage-first heap   total 96256K, used 23552K [0x0000000080000000, 0x0000000100000000)
  region size 1024K, 23 young (23552K), 0 survivors (0K)
 Metaspace       used 7878K, committed 8064K, reserved 1114112K
  class space    used 737K, committed 832K, reserved 1048576K
}
Event: 1.263 GC heap after
{Heap after GC invocations=1 (full 0):
 garbage-first heap   total 96256K, used 1344K [0x0000000080000000, 0x0000000100000000)
  region size 1024K, 2 young (2048K), 2 survivors (2048K)
 Metaspace       used 7878K, committed 8064K, reserved 1114112K
  class space    used 737K, committed 832K, reserved 1048576K
}
Event: 3.206 GC heap before
{Heap before GC invocations=1 (full 0):
 garbage-first heap   total 96256K, used 41280K [0x0000000080000000, 0x0000000100000000)
  region size 1024K, 38 young (38912K), 2 survivors (2048K)
 Metaspace       used 11889K, committed 12096K, reserved 1114112K
  class space    used 1284K, committed 1344K, reserved 1048576K
}
Event: 3.217 GC heap after
{Heap after GC invocations=2 (full 0):
 garbage-first heap   total 96256K, used 11457K [0x0000000080000000, 0x0000000100000000)
  region size 1024K, 5 young (5120K), 5 survivors (5120K)
 Metaspace       used 11889K, committed 12096K, reserved 1114112K
  class space    used 1284K, committed 1344K, reserved 1048576K
}
Event: 4.078 GC heap before
{Heap before GC invocations=2 (full 0):
 garbage-first heap   total 96256K, used 63681K [0x0000000080000000, 0x0000000100000000)
  region size 1024K, 56 young (57344K), 5 survivors (5120K)
 Metaspace       used 12818K, committed 12992K, reserved 1114112K
  class space    used 1403K, committed 1472K, reserved 1048576K
}
Event: 4.088 GC heap after
{Heap after GC invocations=3 (full 0):
 garbage-first heap   total 96256K, used 11928K [0x0000000080000000, 0x0000000100000000)
  region size 1024K, 1 young (1024K), 1 survivors (1024K)
 Metaspace       used 12818K, committed 12992K, reserved 1114112K
  class space    used 1403K, committed 1472K, reserved 1048576K
}
Event: 5.841 GC heap before
{Heap before GC invocations=3 (full 0):
 garbage-first heap   total 96256K, used 70296K [0x0000000080000000, 0x0000000100000000)
  region size 1024K, 56 young (57344K), 1 survivors (1024K)
 Metaspace       used 12940K, committed 13120K, reserved 1114112K
  class space    used 1403K, committed 1472K, reserved 1048576K
}
Event: 5.848 GC heap after
{Heap after GC invocations=4 (full 0):
 garbage-first heap   total 96256K, used 15914K [0x0000000080000000, 0x0000000100000000)
  region size 1024K, 4 young (4096K), 4 survivors (4096K)
 Metaspace       used 12940K, committed 13120K, reserved 1114112K
  class space    used 1403K, committed 1472K, reserved 1048576K
}
Event: 7.898 GC heap before
{Heap before GC invocations=4 (full 0):
 garbage-first heap   total 96256K, used 54826K [0x0000000080000000, 0x0000000100000000)
  region size 1024K, 43 young (44032K), 4 survivors (4096K)
 Metaspace       used 21228K, committed 21504K, reserved 1114112K
  class space    used 2480K, committed 2624K, reserved 1048576K
}
Event: 7.903 GC heap after
{Heap after GC invocations=5 (full 0):
 garbage-first heap   total 96256K, used 20588K [0x0000000080000000, 0x0000000100000000)
  region size 1024K, 7 young (7168K), 7 survivors (7168K)
 Metaspace       used 21228K, committed 21504K, reserved 1114112K
  class space    used 2480K, committed 2624K, reserved 1048576K
}

